openCVLibrary341/build/intermediates/manifest_merge_blame_file/debug/manifest-merger-blame-debug-report.txt
1<?xml version="1.0" encoding="utf-8"?>
2<manifest xmlns:android="http://schemas.android.com/apk/res/android"
3    package="org.opencv" >
4
5    <uses-sdk
6        android:minSdkVersion="19"
6-->src\main\AndroidManifest.xml
7        android:targetSdkVersion="29" />
7-->src\main\AndroidManifest.xml
8
9    <uses-permission android:name="android.permission.READ_EXTERNAL_STORAGE" />
9-->src\main\AndroidManifest.xml:5:5-80
9-->src\main\AndroidManifest.xml:5:22-77
10
11    <application
11-->src\main\AndroidManifest.xml:6:5-19:19
12        android:allowBackup="true"
12-->src\main\AndroidManifest.xml:7:9-35
13        android:icon="@mipmap/ic_launcher"
13-->src\main\AndroidManifest.xml:8:9-43
14        android:label="@string/app_name"
14-->src\main\AndroidManifest.xml:9:9-41
15        android:roundIcon="@mipmap/ic_launcher_round"
15-->src\main\AndroidManifest.xml:10:9-54
16        android:supportsRtl="true"
16-->src\main\AndroidManifest.xml:11:9-35
17        android:theme="@style/AppTheme" >
17-->src\main\AndroidManifest.xml:12:9-40
18        <activity
18-->src\main\AndroidManifest.xml:13:9-15:52
19            android:name="org.opencv.customlib.ImageCropActivity"
19-->src\main\AndroidManifest.xml:14:13-56
20            android:screenOrientation="portrait" />
20-->src\main\AndroidManifest.xml:15:13-49
21        <activity
21-->src\main\AndroidManifest.xml:16:9-18:52
22            android:name="org.opencv.customlib.ImageEnhanceActivity"
22-->src\main\AndroidManifest.xml:17:13-59
23            android:screenOrientation="portrait" />
23-->src\main\AndroidManifest.xml:18:13-49
24    </application>
25
26</manifest>